Nov 15 15:25:42 ..... started STAR run
Nov 15 15:25:42 ..... loading genome
Nov 15 15:26:26 ..... started mapping
Nov 15 15:53:48 ..... finished mapping
Nov 15 15:53:49 ..... finished successfully
Nov 15 15:53:49 ..... started STAR run
Nov 15 15:53:49 ..... loading genome
Nov 15 15:54:04 ..... started mapping
Nov 15 16:22:00 ..... finished mapping
Nov 15 16:22:01 ..... finished successfully
Nov 15 16:22:01 ..... started STAR run
Nov 15 16:22:01 ..... loading genome
Nov 15 16:22:15 ..... started mapping
Nov 15 16:47:51 ..... finished mapping
Nov 15 16:47:52 ..... finished successfully
Nov 15 16:47:53 ..... started STAR run
Nov 15 16:47:53 ..... loading genome
Nov 15 16:48:35 ..... started mapping
Nov 15 17:17:45 ..... finished mapping
Nov 15 17:17:46 ..... finished successfully
Nov 15 17:17:46 ..... started STAR run
Nov 15 17:17:46 ..... loading genome
Nov 15 17:18:04 ..... started mapping
Nov 15 17:46:04 ..... finished mapping
Nov 15 17:46:05 ..... finished successfully
Nov 15 17:46:05 ..... started STAR run
Nov 15 17:46:06 ..... loading genome
Nov 15 17:46:47 ..... started mapping
Nov 15 18:16:18 ..... finished mapping
Nov 15 18:16:19 ..... finished successfully
Nov 15 18:16:19 ..... started STAR run
Nov 15 18:16:19 ..... loading genome
Nov 15 18:18:02 ..... started mapping
Nov 15 18:48:40 ..... finished mapping
Nov 15 18:48:41 ..... finished successfully
Nov 15 18:48:41 ..... started STAR run
Nov 15 18:48:41 ..... loading genome
Nov 15 18:49:22 ..... started mapping
Nov 15 19:18:16 ..... finished mapping
Nov 15 19:18:17 ..... finished successfully
